<?xml version="1.0" encoding="UTF-8"?>
<testng-results skipped="0" failed="0" total="6" passed="6">
  <reporter-output>
    <line>
      <![CDATA[接口地址：http://www.nuandao.com/public/lazyentrance]]>
    </line>
    <line>
      <![CDATA[请求参数：isajax=1&remember=1&email=asfasfasfasdf@qq.com&password=3333333&agreeterms=1&itype=&book=1&m=0.12248663395993764]]>
    </line>
    <line>
      <![CDATA[接口地址：http://www.nuandao.com/public/lazyentrance]]>
    </line>
    <line>
      <![CDATA[请求参数：isajax=1&remember=1&email=asfasfasfasdf@qq.com&password=0000000&agreeterms=1&itype=&book=1&m=0.12248663395993764]]>
    </line>
    <line>
      <![CDATA[接口地址：http://www.nuandao.com/public/lazyentrance]]>
    </line>
    <line>
      <![CDATA[请求参数：isajax=1&email=asfasfasfasdf@qq.com&password=3333333&agreeterms=1&itype=&book=1&m=0.12248663395993764]]>
    </line>
    <line>
      <![CDATA[接口地址：http://www.nuandao.com/public/lazyentrance]]>
    </line>
    <line>
      <![CDATA[请求参数：email=asfasfasfasdf@qq.com&password=3333333&agreeterms=1&itype=&book=1&m=0.12248663395993764]]>
    </line>
    <line>
      <![CDATA[接口地址：http://www.nuandao.com/public/lazyentrance]]>
    </line>
    <line>
      <![CDATA[请求参数：isajax=1&remember=@&email=asfasfasfasdf@qq.com&password=3333333&agreeterms=1&itype=&book=1&m=0.12248663395993764]]>
    </line>
    <line>
      <![CDATA[接口地址：http://www.nuandao.com/shopping/cart]]>
    </line>
    <line>
      <![CDATA[请求参数：countdown=1&m=0.369]]>
    </line>
  </reporter-output>
  <suite name="Default suite" duration-ms="5736" started-at="2019-10-14T03:07:01Z" finished-at="2019-10-14T03:07:07Z">
    <groups>
    </groups>
    <test name="Default test" duration-ms="5736" started-at="2019-10-14T03:07:01Z" finished-at="2019-10-14T03:07:07Z">
      <class name="com.xiaoxinkeji.interf.test.signboardTest">
        <test-method status="PASS" signature="beforeSuite()[pri:0, instance:com.xiaoxinkeji.interf.test.signboardTest@77f03bb1]" name="beforeSuite" is-config="true" duration-ms="6" started-at="2019-10-14T11:07:01Z" finished-at="2019-10-14T11:07:01Z">
          <reporter-output>
          </reporter-output>
        </test-method> <!-- beforeSuite -->
        <test-method status="PASS" signature="beforeTest()[pri:0, instance:com.xiaoxinkeji.interf.test.signboardTest@77f03bb1]" name="beforeTest" is-config="true" duration-ms="0" started-at="2019-10-14T11:07:01Z" finished-at="2019-10-14T11:07:01Z">
          <reporter-output>
          </reporter-output>
        </test-method> <!-- beforeTest -->
        <test-method status="PASS" signature="beforeClass()[pri:0, instance:com.xiaoxinkeji.interf.test.signboardTest@77f03bb1]" name="beforeClass" is-config="true" duration-ms="0" started-at="2019-10-14T11:07:01Z" finished-at="2019-10-14T11:07:01Z">
          <reporter-output>
          </reporter-output>
        </test-method> <!-- beforeClass -->
        <test-method status="PASS" signature="beforeMethod()[pri:0, instance:com.xiaoxinkeji.interf.test.signboardTest@77f03bb1]" name="beforeMethod" is-config="true" duration-ms="0" started-at="2019-10-14T11:07:02Z" finished-at="2019-10-14T11:07:02Z">
          <reporter-output>
          </reporter-output>
        </test-method> <!-- beforeMethod -->
        <test-method status="PASS" signature="f(java.lang.String, java.lang.String, java.lang.String, java.lang.String, java.lang.String, java.lang.String, java.lang.String, java.lang.String, java.lang.String, java.lang.String)[pri:0, instance:com.xiaoxinkeji.interf.test.signboardTest@77f03bb1]" name="f" duration-ms="3349" started-at="2019-10-14T11:07:02Z" data-provider="dp" finished-at="2019-10-14T11:07:05Z">
          <params>
            <param index="0">
              <value>
                <![CDATA[1]]>
              </value>
            </param>
            <param index="1">
              <value>
                <![CDATA[YES]]>
              </value>
            </param>
            <param index="2">
              <value>
                <![CDATA[输入正确的账号及密码登录]]>
              </value>
            </param>
            <param index="3">
              <value>
                <![CDATA[POST]]>
              </value>
            </param>
            <param index="4">
              <value>
                <![CDATA[http://www.nuandao.com]]>
              </value>
            </param>
            <param index="5">
              <value>
                <![CDATA[/public/lazyentrance]]>
              </value>
            </param>
            <param index="6">
              <value>
                <![CDATA[isajax=1&remember=1&email=asfasfasfasdf@qq.com&password=3333333&agreeterms=1&itype=&book=1&m=0.12248663395993764]]>
              </value>
            </param>
            <param index="7">
              <value>
                <![CDATA[$.status=1;$.data.id=1050187]]>
              </value>
            </param>
            <param index="8">
              <value>
                <![CDATA[]]>
              </value>
            </param>
            <param index="9">
              <value is-null="true"/>
            </param>
          </params>
          <reporter-output>
            <line>
              <![CDATA[接口地址：http://www.nuandao.com/public/lazyentrance]]>
            </line>
            <line>
              <![CDATA[请求参数：isajax=1&remember=1&email=asfasfasfasdf@qq.com&password=3333333&agreeterms=1&itype=&book=1&m=0.12248663395993764]]>
            </line>
          </reporter-output>
        </test-method> <!-- f -->
        <test-method status="PASS" signature="afterMethod()[pri:0, instance:com.xiaoxinkeji.interf.test.signboardTest@77f03bb1]" name="afterMethod" is-config="true" duration-ms="1" started-at="2019-10-14T11:07:05Z" finished-at="2019-10-14T11:07:05Z">
          <reporter-output>
          </reporter-output>
        </test-method> <!-- afterMethod -->
        <test-method status="PASS" signature="f(java.lang.String, java.lang.String, java.lang.String, java.lang.String, java.lang.String, java.lang.String, java.lang.String, java.lang.String, java.lang.String, java.lang.String)[pri:0, instance:com.xiaoxinkeji.interf.test.signboardTest@77f03bb1]" name="f" duration-ms="297" started-at="2019-10-14T11:07:05Z" data-provider="dp" finished-at="2019-10-14T11:07:06Z">
          <params>
            <param index="0">
              <value>
                <![CDATA[2]]>
              </value>
            </param>
            <param index="1">
              <value>
                <![CDATA[YES]]>
              </value>
            </param>
            <param index="2">
              <value>
                <![CDATA[输入正确的账号及错误密码登录]]>
              </value>
            </param>
            <param index="3">
              <value>
                <![CDATA[POST]]>
              </value>
            </param>
            <param index="4">
              <value>
                <![CDATA[http://www.nuandao.com]]>
              </value>
            </param>
            <param index="5">
              <value>
                <![CDATA[/public/lazyentrance]]>
              </value>
            </param>
            <param index="6">
              <value>
                <![CDATA[isajax=1&remember=1&email=asfasfasfasdf@qq.com&password=0000000&agreeterms=1&itype=&book=1&m=0.12248663395993764]]>
              </value>
            </param>
            <param index="7">
              <value>
                <![CDATA[$.status=2]]>
              </value>
            </param>
            <param index="8">
              <value>
                <![CDATA[]]>
              </value>
            </param>
            <param index="9">
              <value is-null="true"/>
            </param>
          </params>
          <reporter-output>
            <line>
              <![CDATA[接口地址：http://www.nuandao.com/public/lazyentrance]]>
            </line>
            <line>
              <![CDATA[请求参数：isajax=1&remember=1&email=asfasfasfasdf@qq.com&password=0000000&agreeterms=1&itype=&book=1&m=0.12248663395993764]]>
            </line>
          </reporter-output>
        </test-method> <!-- f -->
        <test-method status="PASS" signature="beforeMethod()[pri:0, instance:com.xiaoxinkeji.interf.test.signboardTest@77f03bb1]" name="beforeMethod" is-config="true" duration-ms="0" started-at="2019-10-14T11:07:05Z" finished-at="2019-10-14T11:07:05Z">
          <reporter-output>
          </reporter-output>
        </test-method> <!-- beforeMethod -->
        <test-method status="PASS" signature="afterMethod()[pri:0, instance:com.xiaoxinkeji.interf.test.signboardTest@77f03bb1]" name="afterMethod" is-config="true" duration-ms="1" started-at="2019-10-14T11:07:06Z" finished-at="2019-10-14T11:07:06Z">
          <reporter-output>
          </reporter-output>
        </test-method> <!-- afterMethod -->
        <test-method status="PASS" signature="f(java.lang.String, java.lang.String, java.lang.String, java.lang.String, java.lang.String, java.lang.String, java.lang.String, java.lang.String, java.lang.String, java.lang.String)[pri:0, instance:com.xiaoxinkeji.interf.test.signboardTest@77f03bb1]" name="f" duration-ms="369" started-at="2019-10-14T11:07:06Z" data-provider="dp" finished-at="2019-10-14T11:07:06Z">
          <params>
            <param index="0">
              <value>
                <![CDATA[3]]>
              </value>
            </param>
            <param index="1">
              <value>
                <![CDATA[YES]]>
              </value>
            </param>
            <param index="2">
              <value>
                <![CDATA[输入正确的账号及正确的密码,但不传remember参数]]>
              </value>
            </param>
            <param index="3">
              <value>
                <![CDATA[POST]]>
              </value>
            </param>
            <param index="4">
              <value>
                <![CDATA[http://www.nuandao.com]]>
              </value>
            </param>
            <param index="5">
              <value>
                <![CDATA[/public/lazyentrance]]>
              </value>
            </param>
            <param index="6">
              <value>
                <![CDATA[isajax=1&email=asfasfasfasdf@qq.com&password=3333333&agreeterms=1&itype=&book=1&m=0.12248663395993764]]>
              </value>
            </param>
            <param index="7">
              <value>
                <![CDATA[$.status=1;$.data.id=1050187]]>
              </value>
            </param>
            <param index="8">
              <value>
                <![CDATA[]]>
              </value>
            </param>
            <param index="9">
              <value is-null="true"/>
            </param>
          </params>
          <reporter-output>
            <line>
              <![CDATA[接口地址：http://www.nuandao.com/public/lazyentrance]]>
            </line>
            <line>
              <![CDATA[请求参数：isajax=1&email=asfasfasfasdf@qq.com&password=3333333&agreeterms=1&itype=&book=1&m=0.12248663395993764]]>
            </line>
          </reporter-output>
        </test-method> <!-- f -->
        <test-method status="PASS" signature="beforeMethod()[pri:0, instance:com.xiaoxinkeji.interf.test.signboardTest@77f03bb1]" name="beforeMethod" is-config="true" duration-ms="0" started-at="2019-10-14T11:07:06Z" finished-at="2019-10-14T11:07:06Z">
          <reporter-output>
          </reporter-output>
        </test-method> <!-- beforeMethod -->
        <test-method status="PASS" signature="beforeMethod()[pri:0, instance:com.xiaoxinkeji.interf.test.signboardTest@77f03bb1]" name="beforeMethod" is-config="true" duration-ms="0" started-at="2019-10-14T11:07:06Z" finished-at="2019-10-14T11:07:06Z">
          <reporter-output>
          </reporter-output>
        </test-method> <!-- beforeMethod -->
        <test-method status="PASS" signature="f(java.lang.String, java.lang.String, java.lang.String, java.lang.String, java.lang.String, java.lang.String, java.lang.String, java.lang.String, java.lang.String, java.lang.String)[pri:0, instance:com.xiaoxinkeji.interf.test.signboardTest@77f03bb1]" name="f" duration-ms="319" started-at="2019-10-14T11:07:06Z" data-provider="dp" finished-at="2019-10-14T11:07:06Z">
          <params>
            <param index="0">
              <value>
                <![CDATA[4]]>
              </value>
            </param>
            <param index="1">
              <value>
                <![CDATA[YES]]>
              </value>
            </param>
            <param index="2">
              <value>
                <![CDATA[输入正确的账号及正确的密码,但不传remember,isajax参数]]>
              </value>
            </param>
            <param index="3">
              <value>
                <![CDATA[POST]]>
              </value>
            </param>
            <param index="4">
              <value>
                <![CDATA[http://www.nuandao.com]]>
              </value>
            </param>
            <param index="5">
              <value>
                <![CDATA[/public/lazyentrance]]>
              </value>
            </param>
            <param index="6">
              <value>
                <![CDATA[email=asfasfasfasdf@qq.com&password=3333333&agreeterms=1&itype=&book=1&m=0.12248663395993764]]>
              </value>
            </param>
            <param index="7">
              <value>
                <![CDATA[]]>
              </value>
            </param>
            <param index="8">
              <value>
                <![CDATA[]]>
              </value>
            </param>
            <param index="9">
              <value is-null="true"/>
            </param>
          </params>
          <reporter-output>
            <line>
              <![CDATA[接口地址：http://www.nuandao.com/public/lazyentrance]]>
            </line>
            <line>
              <![CDATA[请求参数：email=asfasfasfasdf@qq.com&password=3333333&agreeterms=1&itype=&book=1&m=0.12248663395993764]]>
            </line>
          </reporter-output>
        </test-method> <!-- f -->
        <test-method status="PASS" signature="afterMethod()[pri:0, instance:com.xiaoxinkeji.interf.test.signboardTest@77f03bb1]" name="afterMethod" is-config="true" duration-ms="0" started-at="2019-10-14T11:07:06Z" finished-at="2019-10-14T11:07:06Z">
          <reporter-output>
          </reporter-output>
        </test-method> <!-- afterMethod -->
        <test-method status="PASS" signature="beforeMethod()[pri:0, instance:com.xiaoxinkeji.interf.test.signboardTest@77f03bb1]" name="beforeMethod" is-config="true" duration-ms="0" started-at="2019-10-14T11:07:06Z" finished-at="2019-10-14T11:07:06Z">
          <reporter-output>
          </reporter-output>
        </test-method> <!-- beforeMethod -->
        <test-method status="PASS" signature="afterMethod()[pri:0, instance:com.xiaoxinkeji.interf.test.signboardTest@77f03bb1]" name="afterMethod" is-config="true" duration-ms="0" started-at="2019-10-14T11:07:06Z" finished-at="2019-10-14T11:07:06Z">
          <reporter-output>
          </reporter-output>
        </test-method> <!-- afterMethod -->
        <test-method status="PASS" signature="f(java.lang.String, java.lang.String, java.lang.String, java.lang.String, java.lang.String, java.lang.String, java.lang.String, java.lang.String, java.lang.String, java.lang.String)[pri:0, instance:com.xiaoxinkeji.interf.test.signboardTest@77f03bb1]" name="f" duration-ms="329" started-at="2019-10-14T11:07:06Z" data-provider="dp" finished-at="2019-10-14T11:07:07Z">
          <params>
            <param index="0">
              <value>
                <![CDATA[5]]>
              </value>
            </param>
            <param index="1">
              <value>
                <![CDATA[YES]]>
              </value>
            </param>
            <param index="2">
              <value>
                <![CDATA[输入正确的账号及正确的密码,将remember=@进行传参]]>
              </value>
            </param>
            <param index="3">
              <value>
                <![CDATA[POST]]>
              </value>
            </param>
            <param index="4">
              <value>
                <![CDATA[http://www.nuandao.com]]>
              </value>
            </param>
            <param index="5">
              <value>
                <![CDATA[/public/lazyentrance]]>
              </value>
            </param>
            <param index="6">
              <value>
                <![CDATA[isajax=1&remember=@&email=asfasfasfasdf@qq.com&password=3333333&agreeterms=1&itype=&book=1&m=0.12248663395993764]]>
              </value>
            </param>
            <param index="7">
              <value>
                <![CDATA[$.status=1;$.data.id=1050187]]>
              </value>
            </param>
            <param index="8">
              <value>
                <![CDATA[]]>
              </value>
            </param>
            <param index="9">
              <value is-null="true"/>
            </param>
          </params>
          <reporter-output>
            <line>
              <![CDATA[接口地址：http://www.nuandao.com/public/lazyentrance]]>
            </line>
            <line>
              <![CDATA[请求参数：isajax=1&remember=@&email=asfasfasfasdf@qq.com&password=3333333&agreeterms=1&itype=&book=1&m=0.12248663395993764]]>
            </line>
          </reporter-output>
        </test-method> <!-- f -->
        <test-method status="PASS" signature="beforeMethod()[pri:0, instance:com.xiaoxinkeji.interf.test.signboardTest@77f03bb1]" name="beforeMethod" is-config="true" duration-ms="4" started-at="2019-10-14T11:07:07Z" finished-at="2019-10-14T11:07:07Z">
          <reporter-output>
          </reporter-output>
        </test-method> <!-- beforeMethod -->
        <test-method status="PASS" signature="afterMethod()[pri:0, instance:com.xiaoxinkeji.interf.test.signboardTest@77f03bb1]" name="afterMethod" is-config="true" duration-ms="0" started-at="2019-10-14T11:07:07Z" finished-at="2019-10-14T11:07:07Z">
          <reporter-output>
          </reporter-output>
        </test-method> <!-- afterMethod -->
        <test-method status="PASS" signature="f(java.lang.String, java.lang.String, java.lang.String, java.lang.String, java.lang.String, java.lang.String, java.lang.String, java.lang.String, java.lang.String, java.lang.String)[pri:0, instance:com.xiaoxinkeji.interf.test.signboardTest@77f03bb1]" name="f" duration-ms="264" started-at="2019-10-14T11:07:07Z" data-provider="dp" finished-at="2019-10-14T11:07:07Z">
          <params>
            <param index="0">
              <value>
                <![CDATA[6]]>
              </value>
            </param>
            <param index="1">
              <value>
                <![CDATA[YES]]>
              </value>
            </param>
            <param index="2">
              <value>
                <![CDATA[获取购物车信息]]>
              </value>
            </param>
            <param index="3">
              <value>
                <![CDATA[POST]]>
              </value>
            </param>
            <param index="4">
              <value>
                <![CDATA[http://www.nuandao.com]]>
              </value>
            </param>
            <param index="5">
              <value>
                <![CDATA[/shopping/cart]]>
              </value>
            </param>
            <param index="6">
              <value>
                <![CDATA[countdown=1&m=0.369]]>
              </value>
            </param>
            <param index="7">
              <value>
                <![CDATA[]]>
              </value>
            </param>
            <param index="8">
              <value>
                <![CDATA[]]>
              </value>
            </param>
            <param index="9">
              <value>
                <![CDATA[]]>
              </value>
            </param>
          </params>
          <reporter-output>
            <line>
              <![CDATA[接口地址：http://www.nuandao.com/shopping/cart]]>
            </line>
            <line>
              <![CDATA[请求参数：countdown=1&m=0.369]]>
            </line>
          </reporter-output>
        </test-method> <!-- f -->
        <test-method status="PASS" signature="afterClass()[pri:0, instance:com.xiaoxinkeji.interf.test.signboardTest@77f03bb1]" name="afterClass" is-config="true" duration-ms="0" started-at="2019-10-14T11:07:07Z" finished-at="2019-10-14T11:07:07Z">
          <reporter-output>
          </reporter-output>
        </test-method> <!-- afterClass -->
        <test-method status="PASS" signature="afterMethod()[pri:0, instance:com.xiaoxinkeji.interf.test.signboardTest@77f03bb1]" name="afterMethod" is-config="true" duration-ms="0" started-at="2019-10-14T11:07:07Z" finished-at="2019-10-14T11:07:07Z">
          <reporter-output>
          </reporter-output>
        </test-method> <!-- afterMethod -->
        <test-method status="PASS" signature="afterTest()[pri:0, instance:com.xiaoxinkeji.interf.test.signboardTest@77f03bb1]" name="afterTest" is-config="true" duration-ms="0" started-at="2019-10-14T11:07:07Z" finished-at="2019-10-14T11:07:07Z">
          <reporter-output>
          </reporter-output>
        </test-method> <!-- afterTest -->
        <test-method status="PASS" signature="afterSuite()[pri:0, instance:com.xiaoxinkeji.interf.test.signboardTest@77f03bb1]" name="afterSuite" is-config="true" duration-ms="0" started-at="2019-10-14T11:07:07Z" finished-at="2019-10-14T11:07:07Z">
          <reporter-output>
          </reporter-output>
        </test-method> <!-- afterSuite -->
      </class> <!-- com.xiaoxinkeji.interf.test.signboardTest -->
    </test> <!-- Default test -->
  </suite> <!-- Default suite -->
</testng-results>
