<?xml version="1.0" encoding="UTF-8"?>
<!-- Generated by org.testng.reporters.JUnitXMLReporter -->
<testsuite hostname="DESKTOP-M8FCCF0" name="Test" tests="6" failures="0" timestamp="12 Oct 2019 07:44:23 GMT" time="6.027" errors="0">
  <testcase name="f" time="1.936" classname="com.xiaoxinkeji.interf.test.signboardTest"/>
  <testcase name="f" time="0.457" classname="com.xiaoxinkeji.interf.test.signboardTest"/>
  <testcase name="f" time="0.392" classname="com.xiaoxinkeji.interf.test.signboardTest"/>
  <testcase name="f" time="0.357" classname="com.xiaoxinkeji.interf.test.signboardTest"/>
  <testcase name="f" time="0.454" classname="com.xiaoxinkeji.interf.test.signboardTest"/>
  <testcase name="f" time="1.242" classname="com.xiaoxinkeji.interf.test.signboardTest"/>
</testsuite> <!-- Test -->
