<?xml version="1.0" encoding="UTF-8"?>
<!-- Generated by org.testng.reporters.JUnitXMLReporter -->
<testsuite hostname="DESKTOP-M8FCCF0" name="Default test" tests="6" failures="0" timestamp="14 Oct 2019 03:07:07 GMT" time="5.736" errors="0">
  <testcase name="f" time="3.349" classname="com.xiaoxinkeji.interf.test.signboardTest"/>
  <testcase name="f" time="0.297" classname="com.xiaoxinkeji.interf.test.signboardTest"/>
  <testcase name="f" time="0.369" classname="com.xiaoxinkeji.interf.test.signboardTest"/>
  <testcase name="f" time="0.319" classname="com.xiaoxinkeji.interf.test.signboardTest"/>
  <testcase name="f" time="0.329" classname="com.xiaoxinkeji.interf.test.signboardTest"/>
  <testcase name="f" time="0.264" classname="com.xiaoxinkeji.interf.test.signboardTest"/>
</testsuite> <!-- Default test -->
